---------- Date: 2015-05-27 19:27:24 ~ IP : 127.0.0.1 ----------
REQUEST URI : /aaa?search=aaa
MOD DETAILS:
   modFile   : /Users/fernandomendes/github/daxam/public/vqmod/xml/price_replace_options.xml
   id        : price_replace_options_quantities
   version   : 1.9price_replace_options_quantities
   vqmver    : 1.0
   author    : ocextensions.co.uk

File Name    : catalog/view/theme/*/template/product/product.tpl(2)
VQModObject::applyMod - SEARCH NOT FOUND (ABORTING MOD): <input type="text" name="quantity" size="2" value="<?php echo $minimum; ?>" />

----------------------------------------------------------------------


---------- Date: 2015-05-27 19:27:33 ~ IP : 127.0.0.1 ----------
REQUEST URI : /aaa?search=aaa
MOD DETAILS:
   modFile   : /Users/fernandomendes/github/daxam/public/vqmod/xml/price_replace_options.xml
   id        : price_replace_options_quantities
   version   : 1.9price_replace_options_quantities
   vqmver    : 1.0
   author    : ocextensions.co.uk

File Name    : catalog/view/theme/*/template/product/product.tpl(2)
VQModObject::applyMod - SEARCH NOT FOUND (ABORTING MOD): <input type="text" name="quantity" size="2" value="<?php echo $minimum; ?>" />

----------------------------------------------------------------------


---------- Date: 2015-05-27 19:27:34 ~ IP : 127.0.0.1 ----------
REQUEST URI : /aaa?search=aaa
MOD DETAILS:
   modFile   : /Users/fernandomendes/github/daxam/public/vqmod/xml/price_replace_options.xml
   id        : price_replace_options_quantities
   version   : 1.9price_replace_options_quantities
   vqmver    : 1.0
   author    : ocextensions.co.uk

File Name    : catalog/view/theme/*/template/product/product.tpl(2)
VQModObject::applyMod - SEARCH NOT FOUND (ABORTING MOD): <input type="text" name="quantity" size="2" value="<?php echo $minimum; ?>" />

----------------------------------------------------------------------


---------- Date: 2015-05-27 19:29:04 ~ IP : 127.0.0.1 ----------
REQUEST URI : /aaa?search=aaa
MOD DETAILS:
   modFile   : /Users/fernandomendes/github/daxam/public/vqmod/xml/price_replace_options.xml
   id        : price_replace_options_quantities
   version   : 1.9price_replace_options_quantities
   vqmver    : 1.0
   author    : ocextensions.co.uk

File Name    : catalog/view/theme/*/template/product/product.tpl(2)
VQModObject::applyMod - SEARCH NOT FOUND (ABORTING MOD): <input type="text" name="quantity" size="2" value="<?php echo $minimum; ?>" />

----------------------------------------------------------------------


---------- Date: 2015-05-27 19:29:04 ~ IP : 127.0.0.1 ----------
REQUEST URI : /aaa?search=aaa
MOD DETAILS:
   modFile   : /Users/fernandomendes/github/daxam/public/vqmod/xml/price_replace_options.xml
   id        : price_replace_options_quantities
   version   : 1.9price_replace_options_quantities
   vqmver    : 1.0
   author    : ocextensions.co.uk

File Name    : catalog/view/theme/*/template/product/product.tpl(2)
VQModObject::applyMod - SEARCH NOT FOUND (ABORTING MOD): <input type="text" name="quantity" size="2" value="<?php echo $minimum; ?>" />

----------------------------------------------------------------------


---------- Date: 2015-05-27 19:29:12 ~ IP : 127.0.0.1 ----------
REQUEST URI : /aaa?search=aaa
MOD DETAILS:
   modFile   : /Users/fernandomendes/github/daxam/public/vqmod/xml/price_replace_options.xml
   id        : price_replace_options_quantities
   version   : 1.9price_replace_options_quantities
   vqmver    : 1.0
   author    : ocextensions.co.uk

File Name    : catalog/view/theme/*/template/product/product.tpl(2)
VQModObject::applyMod - SEARCH NOT FOUND (ABORTING MOD): <input type="text" name="quantity" size="2" value="<?php echo $minimum; ?>" />

----------------------------------------------------------------------


---------- Date: 2015-05-27 19:29:20 ~ IP : 127.0.0.1 ----------
REQUEST URI : /aaa?search=aaa
MOD DETAILS:
   modFile   : /Users/fernandomendes/github/daxam/public/vqmod/xml/price_replace_options.xml
   id        : price_replace_options_quantities
   version   : 1.9price_replace_options_quantities
   vqmver    : 1.0
   author    : ocextensions.co.uk

File Name    : catalog/view/theme/*/template/product/product.tpl(2)
VQModObject::applyMod - SEARCH NOT FOUND (ABORTING MOD): <input type="text" name="quantity" size="2" value="<?php echo $minimum; ?>" />

----------------------------------------------------------------------


---------- Date: 2015-05-27 19:29:41 ~ IP : 127.0.0.1 ----------
REQUEST URI : /aaa?search=aaa
MOD DETAILS:
   modFile   : /Users/fernandomendes/github/daxam/public/vqmod/xml/price_replace_options.xml
   id        : price_replace_options_quantities
   version   : 1.9price_replace_options_quantities
   vqmver    : 1.0
   author    : ocextensions.co.uk

File Name    : catalog/view/theme/*/template/product/product.tpl(2)
VQModObject::applyMod - SEARCH NOT FOUND (ABORTING MOD): <input type="text" name="quantity" size="2" value="<?php echo $minimum; ?>" />

----------------------------------------------------------------------


---------- Date: 2015-05-27 19:29:49 ~ IP : 127.0.0.1 ----------
REQUEST URI : /aaa?search=aaa
MOD DETAILS:
   modFile   : /Users/fernandomendes/github/daxam/public/vqmod/xml/price_replace_options.xml
   id        : price_replace_options_quantities
   version   : 1.9price_replace_options_quantities
   vqmver    : 1.0
   author    : ocextensions.co.uk

File Name    : catalog/view/theme/*/template/product/product.tpl(2)
VQModObject::applyMod - SEARCH NOT FOUND (ABORTING MOD): <input type="text" name="quantity" size="2" value="<?php echo $minimum; ?>" />

----------------------------------------------------------------------


